<?xml version="1.0" encoding="UTF-8"?>
<!-- Generated by org.testng.reporters.JUnitReportReporter -->
<testsuite hostname="sanu" failures="0" tests="1" name="irctc_test.Irctc_SignUp_test" time="63.232" errors="0" timestamp="2024-08-21T13:44:41 IST" skipped="0">
  <testcase classname="irctc_test.Irctc_SignUp_test" name="test1" time="63.232"/>
</testsuite> <!-- irctc_test.Irctc_SignUp_test -->
