<?xml version="1.0" encoding="UTF-8"?>
<!-- Generated by org.testng.reporters.JUnitReportReporter -->
<testsuite hostname="sanu" failures="0" tests="1" name="irctc_test.Irctc_Hotelbooking_test" time="24.427" errors="0" timestamp="2024-09-10T20:34:30 IST" skipped="0">
  <testcase classname="irctc_test.Irctc_Hotelbooking_test" name="test2" time="24.427"/>
</testsuite> <!-- irctc_test.Irctc_Hotelbooking_test -->
