<?xml version="1.0" encoding="UTF-8"?>
<!-- Generated by org.testng.reporters.JUnitReportReporter -->
<testsuite hostname="sanu" failures="0" tests="1" name="irctc_test.Irctc_SignUp_test" time="15.145" errors="0" timestamp="2024-09-10T20:34:30 IST" skipped="0">
  <testcase classname="irctc_test.Irctc_SignUp_test" name="test1" time="15.145"/>
</testsuite> <!-- irctc_test.Irctc_SignUp_test -->
