<?xml version="1.0" encoding="UTF-8"?>
<!-- Generated by org.testng.reporters.JUnitReportReporter -->
<testsuite hostname="sanu" failures="0" tests="1" name="irctc_test.Irctc_Login_Test" time="2.455" errors="0" timestamp="2024-08-20T20:23:11 IST" skipped="0">
  <testcase classname="irctc_test.Irctc_Login_Test" name="test3" time="2.455"/>
</testsuite> <!-- irctc_test.Irctc_Login_Test -->
