<?xml version="1.0" encoding="UTF-8"?>
<!-- Generated by org.testng.reporters.JUnitReportReporter -->
<testsuite hostname="sanu" failures="0" tests="1" name="irctc_test.Irctc_Login_Test" time="27.457" errors="0" timestamp="2024-08-21T13:44:41 IST" skipped="0">
  <testcase classname="irctc_test.Irctc_Login_Test" name="test3" time="27.457"/>
</testsuite> <!-- irctc_test.Irctc_Login_Test -->
