<?xml version="1.0" encoding="UTF-8"?>
<!-- Generated by org.testng.reporters.JUnitReportReporter -->
<testsuite hostname="sanu" failures="0" tests="1" name="irctc_test.Irctc_Bookticket_test" time="26.201" errors="0" timestamp="2024-08-19T14:44:50 IST" skipped="0">
  <testcase classname="irctc_test.Irctc_Bookticket_test" name="test2" time="26.201"/>
</testsuite> <!-- irctc_test.Irctc_Bookticket_test -->
